Arguments: 
  C:\Program Files\nodejs\node.exe C:\Program Files (x86)\Yarn\bin\yarn.js add express

PATH: 
  ;C:\Program Files (x86)\Common Files\Intel\Shared Libraries\redist\intel64_win\compiler;C:\Program Files (x86)\Common Files\Intel\Shared Libraries\redist\intel64\compiler;C:\Python310\Scripts\;C:\Python310\;C:\Windows\system32;C:\Windows;C:\Windows\System32\Wbem;C:\Windows\System32\WindowsPowerShell\v1.0\;C:\Windows\System32\OpenSSH\;C:\Program Files\nodejs\;C:\ProgramData\chocolatey\bin;C:\Program Files\Git\cmd;C:\Program Files\dotnet\;C:\php-8.1.6;C:\ProgramData\ComposerSetup\bin;C:\WINDOWS\system32;C:\WINDOWS;C:\WINDOWS\System32\Wbem;C:\WINDOWS\System32\WindowsPowerShell\v1.0\;C:\WINDOWS\System32\OpenSSH\;C:\Program Files (x86)\Yarn\bin\;C:\Users\Oluwa\AppData\Local\Microsoft\WindowsApps;C:\Users\Oluwa\AppData\Local\Programs\Microsoft VS Code\bin;C:\Users\Oluwa\AppData\Roaming\npm;C:\Program Files\heroku\bin;C:\Users\Oluwa\.dotnet\tools;C:\Program Files\MongoDB\Server\5.0\bin;C:\Users\Oluwa\AppData\Local\Programs\mongosh\;C:\Program Files\JetBrains\WebStorm 2022.1.4\bin;C:\Users\Oluwa\AppData\Roaming\Composer\vendor\bin;C:\Users\Oluwa\AppData\Local\Microsoft\WindowsApps;C:\Users\Oluwa\AppData\Local\Yarn\bin

Yarn version: 
  1.22.19

Node version: 
  17.8.0

Platform: 
  win32 x64

Trace: 
  Error: getaddrinfo ENOTFOUND registry.yarnpkg.com
      at GetAddrInfoReqWrap.onlookup [as oncomplete] (node:dns:72:26)

npm manifest: 
  {
    "name": "pta-reg-form",
    "version": "1.0.0",
    "description": "",
    "main": "app.js",
    "scripts": {
      "test": "echo \"Error: no test specified\" && exit 1"
    },
    "keywords": [],
    "author": "",
    "license": "ISC"
  }

yarn manifest: 
  No manifest

Lockfile: 
  No lockfile
